<?xml version="1.0" encoding="UTF-8"?>
<testsuite xmlns:xsi="http://www.w3.org/2001/XMLSchema-instance" xsi:noNamespaceSchemaLocation="https://maven.apache.org/surefire/maven-surefire-plugin/xsd/surefire-test-report.xsd" name="options.CucumberTests" time="8.416" tests="5" errors="0" skipped="0" failures="0">
  <properties>
    <property name="sun.desktop" value="windows"/>
    <property name="awt.toolkit" value="sun.awt.windows.WToolkit"/>
    <property name="java.specification.version" value="12"/>
    <property name="sun.cpu.isalist" value="amd64"/>
    <property name="sun.jnu.encoding" value="Cp1252"/>
    <property name="java.class.path" value="C:\Workspace\RestassuredCucumberWithJava\target\test-classes;C:\Workspace\RestassuredCucumberWithJava\target\classes;C:\Users\Satish\.m2\repository\io\rest-assured\rest-assured\4.1.1\rest-assured-4.1.1.jar;C:\Users\Satish\.m2\repository\org\codehaus\groovy\groovy\2.5.6\groovy-2.5.6.jar;C:\Users\Satish\.m2\repository\org\codehaus\groovy\groovy-xml\2.5.6\groovy-xml-2.5.6.jar;C:\Users\Satish\.m2\repository\org\apache\httpcomponents\httpclient\4.5.3\httpclient-4.5.3.jar;C:\Users\Satish\.m2\repository\org\apache\httpcomponents\httpcore\4.4.6\httpcore-4.4.6.jar;C:\Users\Satish\.m2\repository\commons-logging\commons-logging\1.2\commons-logging-1.2.jar;C:\Users\Satish\.m2\repository\commons-codec\commons-codec\1.9\commons-codec-1.9.jar;C:\Users\Satish\.m2\repository\org\apache\httpcomponents\httpmime\4.5.3\httpmime-4.5.3.jar;C:\Users\Satish\.m2\repository\org\hamcrest\hamcrest\2.1\hamcrest-2.1.jar;C:\Users\Satish\.m2\repository\org\ccil\cowan\tagsoup\tagsoup\1.2.1\tagsoup-1.2.1.jar;C:\Users\Satish\.m2\repository\io\rest-assured\json-path\4.1.1\json-path-4.1.1.jar;C:\Users\Satish\.m2\repository\org\codehaus\groovy\groovy-json\2.5.6\groovy-json-2.5.6.jar;C:\Users\Satish\.m2\repository\io\rest-assured\rest-assured-common\4.1.1\rest-assured-common-4.1.1.jar;C:\Users\Satish\.m2\repository\io\rest-assured\xml-path\4.1.1\xml-path-4.1.1.jar;C:\Users\Satish\.m2\repository\org\apache\commons\commons-lang3\3.4\commons-lang3-3.4.jar;C:\Users\Satish\.m2\repository\javax\xml\bind\jaxb-api\2.3.1\jaxb-api-2.3.1.jar;C:\Users\Satish\.m2\repository\javax\activation\javax.activation-api\1.2.0\javax.activation-api-1.2.0.jar;C:\Users\Satish\.m2\repository\com\sun\xml\bind\jaxb-osgi\2.3.0.1\jaxb-osgi-2.3.0.1.jar;C:\Users\Satish\.m2\repository\org\apache\sling\org.apache.sling.javax.activation\0.1.0\org.apache.sling.javax.activation-0.1.0.jar;C:\Users\Satish\.m2\repository\javax\activation\activation\1.1.1\activation-1.1.1.jar;C:\Users\Satish\.m2\repository\junit\junit\4.11\junit-4.11.jar;C:\Users\Satish\.m2\repository\org\hamcrest\hamcrest-core\1.3\hamcrest-core-1.3.jar;C:\Users\Satish\.m2\repository\info\cukes\cucumber-java8\1.2.5\cucumber-java8-1.2.5.jar;C:\Users\Satish\.m2\repository\info\cukes\cucumber-java\1.2.5\cucumber-java-1.2.5.jar;C:\Users\Satish\.m2\repository\info\cukes\cucumber-junit\1.2.5\cucumber-junit-1.2.5.jar;C:\Users\Satish\.m2\repository\info\cukes\cucumber-core\1.2.5\cucumber-core-1.2.5.jar;C:\Users\Satish\.m2\repository\info\cukes\cucumber-html\0.2.3\cucumber-html-0.2.3.jar;C:\Users\Satish\.m2\repository\info\cukes\cucumber-picocontainer\1.2.5\cucumber-picocontainer-1.2.5.jar;C:\Users\Satish\.m2\repository\info\cukes\cucumber-jvm-deps\1.0.5\cucumber-jvm-deps-1.0.5.jar;C:\Users\Satish\.m2\repository\info\cukes\gherkin\2.12.2\gherkin-2.12.2.jar;C:\Users\Satish\.m2\repository\org\picocontainer\picocontainer\2.15\picocontainer-2.15.jar;C:\Users\Satish\.m2\repository\log4j\log4j\1.2.13\log4j-1.2.13.jar;C:\Users\Satish\.m2\repository\org\apache\logging\log4j\log4j-api\2.8.2\log4j-api-2.8.2.jar;"/>
    <property name="java.vm.vendor" value="Oracle Corporation"/>
    <property name="sun.arch.data.model" value="64"/>
    <property name="user.variant" value=""/>
    <property name="java.vendor.url" value="https://java.oracle.com/"/>
    <property name="os.name" value="Windows 7"/>
    <property name="java.vm.specification.version" value="12"/>
    <property name="sun.java.launcher" value="SUN_STANDARD"/>
    <property name="user.country" value="AU"/>
    <property name="sun.boot.library.path" value="C:\Program Files\Java\jdk-12.0.1\bin"/>
    <property name="sun.java.command" value="C:\Users\Satish\AppData\Local\Temp\surefire15979654009814406766\surefirebooter16321563240848880151.jar C:\Users\Satish\AppData\Local\Temp\surefire15979654009814406766 2019-09-08T22-24-03_293-jvmRun1 surefire11179254729011333737tmp surefire_05431760675042987573tmp"/>
    <property name="jdk.debug" value="release"/>
    <property name="surefire.test.class.path" value="C:\Workspace\RestassuredCucumberWithJava\target\test-classes;C:\Workspace\RestassuredCucumberWithJava\target\classes;C:\Users\Satish\.m2\repository\io\rest-assured\rest-assured\4.1.1\rest-assured-4.1.1.jar;C:\Users\Satish\.m2\repository\org\codehaus\groovy\groovy\2.5.6\groovy-2.5.6.jar;C:\Users\Satish\.m2\repository\org\codehaus\groovy\groovy-xml\2.5.6\groovy-xml-2.5.6.jar;C:\Users\Satish\.m2\repository\org\apache\httpcomponents\httpclient\4.5.3\httpclient-4.5.3.jar;C:\Users\Satish\.m2\repository\org\apache\httpcomponents\httpcore\4.4.6\httpcore-4.4.6.jar;C:\Users\Satish\.m2\repository\commons-logging\commons-logging\1.2\commons-logging-1.2.jar;C:\Users\Satish\.m2\repository\commons-codec\commons-codec\1.9\commons-codec-1.9.jar;C:\Users\Satish\.m2\repository\org\apache\httpcomponents\httpmime\4.5.3\httpmime-4.5.3.jar;C:\Users\Satish\.m2\repository\org\hamcrest\hamcrest\2.1\hamcrest-2.1.jar;C:\Users\Satish\.m2\repository\org\ccil\cowan\tagsoup\tagsoup\1.2.1\tagsoup-1.2.1.jar;C:\Users\Satish\.m2\repository\io\rest-assured\json-path\4.1.1\json-path-4.1.1.jar;C:\Users\Satish\.m2\repository\org\codehaus\groovy\groovy-json\2.5.6\groovy-json-2.5.6.jar;C:\Users\Satish\.m2\repository\io\rest-assured\rest-assured-common\4.1.1\rest-assured-common-4.1.1.jar;C:\Users\Satish\.m2\repository\io\rest-assured\xml-path\4.1.1\xml-path-4.1.1.jar;C:\Users\Satish\.m2\repository\org\apache\commons\commons-lang3\3.4\commons-lang3-3.4.jar;C:\Users\Satish\.m2\repository\javax\xml\bind\jaxb-api\2.3.1\jaxb-api-2.3.1.jar;C:\Users\Satish\.m2\repository\javax\activation\javax.activation-api\1.2.0\javax.activation-api-1.2.0.jar;C:\Users\Satish\.m2\repository\com\sun\xml\bind\jaxb-osgi\2.3.0.1\jaxb-osgi-2.3.0.1.jar;C:\Users\Satish\.m2\repository\org\apache\sling\org.apache.sling.javax.activation\0.1.0\org.apache.sling.javax.activation-0.1.0.jar;C:\Users\Satish\.m2\repository\javax\activation\activation\1.1.1\activation-1.1.1.jar;C:\Users\Satish\.m2\repository\junit\junit\4.11\junit-4.11.jar;C:\Users\Satish\.m2\repository\org\hamcrest\hamcrest-core\1.3\hamcrest-core-1.3.jar;C:\Users\Satish\.m2\repository\info\cukes\cucumber-java8\1.2.5\cucumber-java8-1.2.5.jar;C:\Users\Satish\.m2\repository\info\cukes\cucumber-java\1.2.5\cucumber-java-1.2.5.jar;C:\Users\Satish\.m2\repository\info\cukes\cucumber-junit\1.2.5\cucumber-junit-1.2.5.jar;C:\Users\Satish\.m2\repository\info\cukes\cucumber-core\1.2.5\cucumber-core-1.2.5.jar;C:\Users\Satish\.m2\repository\info\cukes\cucumber-html\0.2.3\cucumber-html-0.2.3.jar;C:\Users\Satish\.m2\repository\info\cukes\cucumber-picocontainer\1.2.5\cucumber-picocontainer-1.2.5.jar;C:\Users\Satish\.m2\repository\info\cukes\cucumber-jvm-deps\1.0.5\cucumber-jvm-deps-1.0.5.jar;C:\Users\Satish\.m2\repository\info\cukes\gherkin\2.12.2\gherkin-2.12.2.jar;C:\Users\Satish\.m2\repository\org\picocontainer\picocontainer\2.15\picocontainer-2.15.jar;C:\Users\Satish\.m2\repository\log4j\log4j\1.2.13\log4j-1.2.13.jar;C:\Users\Satish\.m2\repository\org\apache\logging\log4j\log4j-api\2.8.2\log4j-api-2.8.2.jar;"/>
    <property name="sun.cpu.endian" value="little"/>
    <property name="user.home" value="C:\Users\Satish"/>
    <property name="user.language" value="en"/>
    <property name="java.specification.vendor" value="Oracle Corporation"/>
    <property name="java.version.date" value="2019-04-16"/>
    <property name="java.home" value="C:\Program Files\Java\jdk-12.0.1"/>
    <property name="file.separator" value="\"/>
    <property name="basedir" value="C:\Workspace\RestassuredCucumberWithJava"/>
    <property name="java.vm.compressedOopsMode" value="32-bit"/>
    <property name="line.separator" value="&#10;"/>
    <property name="java.vm.specification.vendor" value="Oracle Corporation"/>
    <property name="java.specification.name" value="Java Platform API Specification"/>
    <property name="java.awt.graphicsenv" value="sun.awt.Win32GraphicsEnvironment"/>
    <property name="surefire.real.class.path" value="C:\Users\Satish\AppData\Local\Temp\surefire15979654009814406766\surefirebooter16321563240848880151.jar"/>
    <property name="user.script" value=""/>
    <property name="sun.management.compiler" value="HotSpot 64-Bit Tiered Compilers"/>
    <property name="java.runtime.version" value="12.0.1+12"/>
    <property name="user.name" value="Satish"/>
    <property name="path.separator" value=";"/>
    <property name="os.version" value="6.1"/>
    <property name="java.runtime.name" value="Java(TM) SE Runtime Environment"/>
    <property name="file.encoding" value="Cp1252"/>
    <property name="java.vm.name" value="Java HotSpot(TM) 64-Bit Server VM"/>
    <property name="localRepository" value="C:\Users\Satish\.m2\repository"/>
    <property name="java.vendor.url.bug" value="https://bugreport.java.com/bugreport/"/>
    <property name="java.io.tmpdir" value="C:\Users\Satish\AppData\Local\Temp\"/>
    <property name="java.version" value="12.0.1"/>
    <property name="user.dir" value="C:\Workspace\RestassuredCucumberWithJava"/>
    <property name="os.arch" value="amd64"/>
    <property name="java.vm.specification.name" value="Java Virtual Machine Specification"/>
    <property name="sun.os.patch.level" value="Service Pack 1"/>
    <property name="java.library.path" value="C:\Program Files\Java\jdk-12.0.1\bin;C:\Windows\Sun\Java\bin;C:\Windows\system32;C:\Windows;C:\Program Files (x86)\HP SimplePass 2011\x64;C:\Program Files (x86)\HP SimplePass 2011\;;C:\Program Files\Common Files\Microsoft Shared\Windows Live;C:\Program Files (x86)\Common Files\Microsoft Shared\Windows Live;C:\Windows\system32;C:\Windows;C:\Windows\System32\Wbem;C:\Windows\System32\WindowsPowerShell\v1.0\;C:\Program Files (x86)\Windows Live\Shared;C:\Program Files (x86)\Intel\Services\IPT\;C:\Windows\system32\config\systemprofile\.dnx\bin;C:\Program Files\Microsoft DNX\Dnvm\;C:\Program Files\Microsoft SQL Server\120\Tools\Binn;C:\Program Files\Java\jdk-12.0.1\bin\;C:\Program Files\apache-maven-3.6.1\bin;."/>
    <property name="java.vm.info" value="mixed mode, sharing"/>
    <property name="java.vendor" value="Oracle Corporation"/>
    <property name="java.vm.version" value="12.0.1+12"/>
    <property name="sun.io.unicode.encoding" value="UnicodeLittle"/>
    <property name="java.class.version" value="56.0"/>
  </properties>
  <testcase name="Given I prepare request for OpenWeather api" classname="| 10 |" time="0.009"/>
  <testcase name="When I request OpenWeather api to know the weather of Sydney" classname="| 10 |" time="0"/>
  <testcase name="Then the status code is 200" classname="| 10 |" time="0"/>
  <testcase name="And I should see the dates which has temperature greater than 10 on THURSDAY" classname="| 10 |" time="0"/>
  <testcase name="| 10 |" classname="| 10 |" time="0"/>
</testsuite>